-------------------------------------------------------------------------------
Test set: com.ibik.academicservices.academicservices.AcademicservicesApplicationTests
-------------------------------------------------------------------------------
Tests run: 1, Failures: 0, Errors: 1, Skipped: 0, Time elapsed: 45.386 s <<< FAILURE! - in com.ibik.academicservices.academicservices.AcademicservicesApplicationTests
contextLoads  Time elapsed: 0.002 s  <<< ERROR!
java.lang.IllegalStateException: Failed to load ApplicationContext
Caused by: org.springframework.beans.factory.BeanCreationException: 
Error creating bean with name 'requestMappingHandlerMapping' defined in class path resource [org/springframework/boot/autoconfigure/web/servlet/WebMvcAutoConfiguration$EnableWebMvcConfiguration.class]: Invocation of init method failed; nested exception is java.lang.IllegalStateException: Ambiguous mapping. Cannot map 'programsStudentController' method 
com.ibik.academicservices.academicservices.students.ProgramsStudentController#deleteProgramsById(int)
to {DELETE [/api/programs/{id}]}: There is already 'programsController' bean method
com.ibik.academicservices.academicservices.programs.ProgramsController#deleteProgramsById(int) mapped.
Caused by: java.lang.IllegalStateException: 
Ambiguous mapping. Cannot map 'programsStudentController' method 
com.ibik.academicservices.academicservices.students.ProgramsStudentController#deleteProgramsById(int)
to {DELETE [/api/programs/{id}]}: There is already 'programsController' bean method
com.ibik.academicservices.academicservices.programs.ProgramsController#deleteProgramsById(int) mapped.

